2025-07-26 10:05:27 | DEBUG    | database.db_handler  | load_user_tasks | Line:505  | Loading tasks for user ID 1, include_completed=True
2025-07-26 10:05:27 | INFO     | performance          | log_performance | Line:150  | Load user tasks took 370.87ms | Loaded 4 tasks
2025-07-26 10:05:27 | DEBUG    | database.db_handler  | load_user_tasks | Line:533  | Loaded 4 tasks for user ID 1
2025-07-26 10:05:57 | DEBUG    | database.db_handler  | load_user_tasks | Line:505  | Loading tasks for user ID 1, include_completed=True
2025-07-26 10:05:57 | INFO     | performance          | log_performance | Line:150  | Load user tasks took 1.26ms | Loaded 4 tasks
2025-07-26 10:05:57 | DEBUG    | database.db_handler  | load_user_tasks | Line:533  | Loaded 4 tasks for user ID 1
2025-07-26 10:06:27 | DEBUG    | database.db_handler  | load_user_tasks | Line:505  | Loading tasks for user ID 1, include_completed=True
2025-07-26 10:06:27 | INFO     | performance          | log_performance | Line:150  | Load user tasks took 1.27ms | Loaded 4 tasks
2025-07-26 10:06:27 | DEBUG    | database.db_handler  | load_user_tasks | Line:533  | Loaded 4 tasks for user ID 1
2025-07-26 10:06:57 | DEBUG    | database.db_handler  | load_user_tasks | Line:505  | Loading tasks for user ID 1, include_completed=True
2025-07-26 10:06:57 | INFO     | performance          | log_performance | Line:150  | Load user tasks took 3.50ms | Loaded 4 tasks
2025-07-26 10:06:57 | DEBUG    | database.db_handler  | load_user_tasks | Line:533  | Loaded 4 tasks for user ID 1
2025-07-26 10:07:27 | DEBUG    | database.db_handler  | load_user_tasks | Line:505  | Loading tasks for user ID 1, include_completed=True
2025-07-26 10:07:27 | INFO     | performance          | log_performance | Line:150  | Load user tasks took 2.06ms | Loaded 4 tasks
2025-07-26 10:07:27 | DEBUG    | database.db_handler  | load_user_tasks | Line:533  | Loaded 4 tasks for user ID 1
2025-07-26 10:07:57 | DEBUG    | database.db_handler  | load_user_tasks | Line:505  | Loading tasks for user ID 1, include_completed=True
2025-07-26 10:07:57 | INFO     | performance          | log_performance | Line:150  | Load user tasks took 5.71ms | Loaded 4 tasks
2025-07-26 10:07:57 | DEBUG    | database.db_handler  | load_user_tasks | Line:533  | Loaded 4 tasks for user ID 1
2025-07-26 10:08:27 | DEBUG    | database.db_handler  | load_user_tasks | Line:505  | Loading tasks for user ID 1, include_completed=True
2025-07-26 10:08:27 | INFO     | performance          | log_performance | Line:150  | Load user tasks took 2.38ms | Loaded 4 tasks
2025-07-26 10:08:27 | DEBUG    | database.db_handler  | load_user_tasks | Line:533  | Loaded 4 tasks for user ID 1
2025-07-26 10:08:57 | DEBUG    | database.db_handler  | load_user_tasks | Line:505  | Loading tasks for user ID 1, include_completed=True
2025-07-26 10:08:57 | INFO     | performance          | log_performance | Line:150  | Load user tasks took 2.34ms | Loaded 4 tasks
2025-07-26 10:08:57 | DEBUG    | database.db_handler  | load_user_tasks | Line:533  | Loaded 4 tasks for user ID 1
2025-07-26 10:09:27 | DEBUG    | database.db_handler  | load_user_tasks | Line:505  | Loading tasks for user ID 1, include_completed=True
2025-07-26 10:09:27 | INFO     | performance          | log_performance | Line:150  | Load user tasks took 2.70ms | Loaded 4 tasks
2025-07-26 10:09:27 | DEBUG    | database.db_handler  | load_user_tasks | Line:533  | Loaded 4 tasks for user ID 1
2025-07-26 10:09:57 | DEBUG    | database.db_handler  | load_user_tasks | Line:505  | Loading tasks for user ID 1, include_completed=True
2025-07-26 10:09:57 | INFO     | performance          | log_performance | Line:150  | Load user tasks took 3.00ms | Loaded 4 tasks
2025-07-26 10:09:57 | DEBUG    | database.db_handler  | load_user_tasks | Line:533  | Loaded 4 tasks for user ID 1
2025-07-26 10:10:27 | DEBUG    | database.db_handler  | load_user_tasks | Line:505  | Loading tasks for user ID 1, include_completed=True
2025-07-26 10:10:27 | INFO     | performance          | log_performance | Line:150  | Load user tasks took 1.82ms | Loaded 4 tasks
2025-07-26 10:10:27 | DEBUG    | database.db_handler  | load_user_tasks | Line:533  | Loaded 4 tasks for user ID 1
2025-07-26 10:10:57 | DEBUG    | database.db_handler  | load_user_tasks | Line:505  | Loading tasks for user ID 1, include_completed=True
2025-07-26 10:10:57 | INFO     | performance          | log_performance | Line:150  | Load user tasks took 2.51ms | Loaded 4 tasks
2025-07-26 10:10:57 | DEBUG    | database.db_handler  | load_user_tasks | Line:533  | Loaded 4 tasks for user ID 1
2025-07-26 10:11:27 | DEBUG    | database.db_handler  | load_user_tasks | Line:505  | Loading tasks for user ID 1, include_completed=True
2025-07-26 10:11:27 | INFO     | performance          | log_performance | Line:150  | Load user tasks took 2.31ms | Loaded 4 tasks
2025-07-26 10:11:27 | DEBUG    | database.db_handler  | load_user_tasks | Line:533  | Loaded 4 tasks for user ID 1
2025-07-26 10:11:57 | DEBUG    | database.db_handler  | load_user_tasks | Line:505  | Loading tasks for user ID 1, include_completed=True
2025-07-26 10:11:57 | INFO     | performance          | log_performance | Line:150  | Load user tasks took 2.44ms | Loaded 4 tasks
2025-07-26 10:11:57 | DEBUG    | database.db_handler  | load_user_tasks | Line:533  | Loaded 4 tasks for user ID 1
2025-07-26 10:12:27 | DEBUG    | database.db_handler  | load_user_tasks | Line:505  | Loading tasks for user ID 1, include_completed=True
2025-07-26 10:12:27 | INFO     | performance          | log_performance | Line:150  | Load user tasks took 2.10ms | Loaded 4 tasks
2025-07-26 10:12:27 | DEBUG    | database.db_handler  | load_user_tasks | Line:533  | Loaded 4 tasks for user ID 1
2025-07-26 10:12:57 | DEBUG    | database.db_handler  | load_user_tasks | Line:505  | Loading tasks for user ID 1, include_completed=True
2025-07-26 10:12:57 | INFO     | performance          | log_performance | Line:150  | Load user tasks took 5.22ms | Loaded 4 tasks
2025-07-26 10:12:57 | DEBUG    | database.db_handler  | load_user_tasks | Line:533  | Loaded 4 tasks for user ID 1
2025-07-26 10:13:27 | DEBUG    | database.db_handler  | load_user_tasks | Line:505  | Loading tasks for user ID 1, include_completed=True
2025-07-26 10:13:27 | INFO     | performance          | log_performance | Line:150  | Load user tasks took 2.68ms | Loaded 4 tasks
2025-07-26 10:13:27 | DEBUG    | database.db_handler  | load_user_tasks | Line:533  | Loaded 4 tasks for user ID 1
2025-07-26 10:13:57 | DEBUG    | database.db_handler  | load_user_tasks | Line:505  | Loading tasks for user ID 1, include_completed=True
2025-07-26 10:13:57 | INFO     | performance          | log_performance | Line:150  | Load user tasks took 2.05ms | Loaded 4 tasks
2025-07-26 10:13:57 | DEBUG    | database.db_handler  | load_user_tasks | Line:533  | Loaded 4 tasks for user ID 1
2025-07-26 10:14:27 | DEBUG    | database.db_handler  | load_user_tasks | Line:505  | Loading tasks for user ID 1, include_completed=True
2025-07-26 10:14:27 | INFO     | performance          | log_performance | Line:150  | Load user tasks took 1.97ms | Loaded 4 tasks
2025-07-26 10:14:27 | DEBUG    | database.db_handler  | load_user_tasks | Line:533  | Loaded 4 tasks for user ID 1
2025-07-26 10:14:57 | DEBUG    | database.db_handler  | load_user_tasks | Line:505  | Loading tasks for user ID 1, include_completed=True
2025-07-26 10:14:57 | INFO     | performance          | log_performance | Line:150  | Load user tasks took 2.40ms | Loaded 4 tasks
2025-07-26 10:14:57 | DEBUG    | database.db_handler  | load_user_tasks | Line:533  | Loaded 4 tasks for user ID 1
2025-07-26 10:15:27 | DEBUG    | database.db_handler  | load_user_tasks | Line:505  | Loading tasks for user ID 1, include_completed=True
2025-07-26 10:15:27 | INFO     | performance          | log_performance | Line:150  | Load user tasks took 1.96ms | Loaded 4 tasks
2025-07-26 10:15:27 | DEBUG    | database.db_handler  | load_user_tasks | Line:533  | Loaded 4 tasks for user ID 1
2025-07-26 10:15:57 | DEBUG    | database.db_handler  | load_user_tasks | Line:505  | Loading tasks for user ID 1, include_completed=True
2025-07-26 10:15:57 | INFO     | performance          | log_performance | Line:150  | Load user tasks took 2.37ms | Loaded 4 tasks
2025-07-26 10:15:57 | DEBUG    | database.db_handler  | load_user_tasks | Line:533  | Loaded 4 tasks for user ID 1
2025-07-26 10:16:27 | DEBUG    | database.db_handler  | load_user_tasks | Line:505  | Loading tasks for user ID 1, include_completed=True
2025-07-26 10:16:27 | INFO     | performance          | log_performance | Line:150  | Load user tasks took 4.16ms | Loaded 4 tasks
2025-07-26 10:16:27 | DEBUG    | database.db_handler  | load_user_tasks | Line:533  | Loaded 4 tasks for user ID 1
2025-07-26 10:16:57 | DEBUG    | database.db_handler  | load_user_tasks | Line:505  | Loading tasks for user ID 1, include_completed=True
2025-07-26 10:16:57 | INFO     | performance          | log_performance | Line:150  | Load user tasks took 2.42ms | Loaded 4 tasks
2025-07-26 10:16:57 | DEBUG    | database.db_handler  | load_user_tasks | Line:533  | Loaded 4 tasks for user ID 1
2025-07-26 10:17:27 | DEBUG    | database.db_handler  | load_user_tasks | Line:505  | Loading tasks for user ID 1, include_completed=True
2025-07-26 10:17:27 | INFO     | performance          | log_performance | Line:150  | Load user tasks took 1.83ms | Loaded 4 tasks
2025-07-26 10:17:27 | DEBUG    | database.db_handler  | load_user_tasks | Line:533  | Loaded 4 tasks for user ID 1
2025-07-26 10:17:57 | DEBUG    | database.db_handler  | load_user_tasks | Line:505  | Loading tasks for user ID 1, include_completed=True
2025-07-26 10:17:57 | INFO     | performance          | log_performance | Line:150  | Load user tasks took 2.59ms | Loaded 4 tasks
2025-07-26 10:17:57 | DEBUG    | database.db_handler  | load_user_tasks | Line:533  | Loaded 4 tasks for user ID 1
2025-07-26 10:18:27 | DEBUG    | database.db_handler  | load_user_tasks | Line:505  | Loading tasks for user ID 1, include_completed=True
2025-07-26 10:18:27 | INFO     | performance          | log_performance | Line:150  | Load user tasks took 1.90ms | Loaded 4 tasks
2025-07-26 10:18:27 | DEBUG    | database.db_handler  | load_user_tasks | Line:533  | Loaded 4 tasks for user ID 1
2025-07-26 10:18:57 | DEBUG    | database.db_handler  | load_user_tasks | Line:505  | Loading tasks for user ID 1, include_completed=True
2025-07-26 10:18:57 | INFO     | performance          | log_performance | Line:150  | Load user tasks took 11.62ms | Loaded 4 tasks
2025-07-26 10:18:57 | DEBUG    | database.db_handler  | load_user_tasks | Line:533  | Loaded 4 tasks for user ID 1
2025-07-26 10:19:27 | DEBUG    | database.db_handler  | load_user_tasks | Line:505  | Loading tasks for user ID 1, include_completed=True
2025-07-26 10:19:27 | INFO     | performance          | log_performance | Line:150  | Load user tasks took 2.27ms | Loaded 4 tasks
2025-07-26 10:19:27 | DEBUG    | database.db_handler  | load_user_tasks | Line:533  | Loaded 4 tasks for user ID 1
2025-07-26 10:19:57 | DEBUG    | database.db_handler  | load_user_tasks | Line:505  | Loading tasks for user ID 1, include_completed=True
2025-07-26 10:19:57 | INFO     | performance          | log_performance | Line:150  | Load user tasks took 2.35ms | Loaded 4 tasks
2025-07-26 10:19:57 | DEBUG    | database.db_handler  | load_user_tasks | Line:533  | Loaded 4 tasks for user ID 1
2025-07-26 10:20:27 | DEBUG    | database.db_handler  | load_user_tasks | Line:505  | Loading tasks for user ID 1, include_completed=True
2025-07-26 10:20:27 | INFO     | performance          | log_performance | Line:150  | Load user tasks took 1.95ms | Loaded 4 tasks
2025-07-26 10:20:27 | DEBUG    | database.db_handler  | load_user_tasks | Line:533  | Loaded 4 tasks for user ID 1
2025-07-26 10:20:57 | DEBUG    | database.db_handler  | load_user_tasks | Line:505  | Loading tasks for user ID 1, include_completed=True
2025-07-26 10:20:57 | INFO     | performance          | log_performance | Line:150  | Load user tasks took 1.78ms | Loaded 4 tasks
2025-07-26 10:20:57 | DEBUG    | database.db_handler  | load_user_tasks | Line:533  | Loaded 4 tasks for user ID 1
2025-07-26 10:21:07 | INFO     | __main__             | run             | Line:106  | Application exiting with code: 0
2025-07-26 10:21:07 | INFO     | __main__             | run             | Line:114  | Application shutdown complete
2025-07-26 10:21:07 | INFO     | __main__             | run             | Line:115  | ================================================================================
2025-07-26 19:40:06 | INFO     | root                 | setup_loggers   | Line:95   | Logging system initialized for TodoApp
2025-07-26 19:40:06 | INFO     | root                 | setup_loggers   | Line:96   | Log files location: D:\Project\Todo_app\todo_app\logs
2025-07-26 19:40:06 | INFO     | root                 | setup_loggers   | Line:97   | Session log: session_20250726_194006.log
2025-07-26 19:40:06 | INFO     | __main__             | __init__        | Line:40   | ================================================================================
2025-07-26 19:40:06 | INFO     | __main__             | __init__        | Line:41   | STARTING TO-DO LIST APPLICATION
2025-07-26 19:40:06 | INFO     | __main__             | __init__        | Line:42   | ================================================================================
2025-07-26 19:40:06 | INFO     | __main__             | __init__        | Line:43   | Application directory: D:\Project\Todo_app\todo_app
2025-07-26 19:40:06 | INFO     | __main__             | __init__        | Line:44   | Working directory: D:\Project\Todo_app\todo_app
2025-07-26 19:40:07 | DEBUG    | database.db_handler  | _ensure_db_directory | Line:40   | Database directory ensured: .
2025-07-26 19:40:07 | INFO     | database.db_handler  | __init__        | Line:34   | Database handler initialized with path: todo_app.db
2025-07-26 19:40:07 | INFO     | __main__             | __init__        | Line:58   | Application properties set
2025-07-26 19:40:07 | INFO     | __main__             | __init__        | Line:59   | PySide6 version: 1.0.0
2025-07-26 19:40:07 | INFO     | __main__             | __init__        | Line:62   | Python version: 3.13.5 (tags/v3.13.5:6cb20a2, Jun 11 2025, 16:15:46) [MSC v.1943 64 bit (AMD64)]
2025-07-26 19:40:07 | INFO     | __main__             | __init__        | Line:63   | Platform: win32
2025-07-26 19:40:07 | INFO     | __main__             | __init__        | Line:64   | Arguments: ['main.py']
2025-07-26 19:40:07 | INFO     | performance          | log_performance | Line:150  | Application initialization took 609.34ms
2025-07-26 19:40:07 | INFO     | __main__             | run             | Line:82   | Starting application run sequence
2025-07-26 19:40:07 | INFO     | __main__             | run             | Line:86   | Initializing database...
2025-07-26 19:40:07 | INFO     | database.db_handler  | initialize_database | Line:45   | Starting database initialization
2025-07-26 19:40:07 | DEBUG    | database.db_handler  | initialize_database | Line:52   | Creating users table
2025-07-26 19:40:07 | DEBUG    | database.db_handler  | initialize_database | Line:66   | Creating tasks table
2025-07-26 19:40:07 | DEBUG    | database.db_handler  | initialize_database | Line:87   | Creating tags table
2025-07-26 19:40:07 | DEBUG    | database.db_handler  | initialize_database | Line:99   | Creating task_tags table
2025-07-26 19:40:07 | DEBUG    | database.db_handler  | initialize_database | Line:111  | Creating routines table
2025-07-26 19:40:07 | INFO     | performance          | log_performance | Line:150  | Database initialization took 18.96ms
2025-07-26 19:40:07 | INFO     | database.db_handler  | initialize_database | Line:136  | Database initialized successfully
2025-07-26 19:40:07 | INFO     | performance          | log_performance | Line:150  | Database initialization took 20.81ms
2025-07-26 19:40:07 | INFO     | __main__             | run             | Line:90   | Database initialized successfully
2025-07-26 19:40:07 | INFO     | __main__             | run             | Line:94   | Creating login window...
2025-07-26 19:40:07 | INFO     | core.user            | __init__        | Line:93   | UserManager initialized
2025-07-26 19:40:07 | INFO     | gui.login            | __init__        | Line:42   | Login window initializing
2025-07-26 19:40:07 | DEBUG    | gui.login            | setup_ui        | Line:61   | Setting up login window UI
2025-07-26 19:40:07 | DEBUG    | gui.login            | create_login_tab | Line:135  | Creating login tab
2025-07-26 19:40:07 | DEBUG    | gui.login            | create_login_tab | Line:172  | Login tab created successfully
2025-07-26 19:40:07 | DEBUG    | gui.login            | create_register_tab | Line:182  | Creating registration tab
2025-07-26 19:40:07 | DEBUG    | gui.login            | create_register_tab | Line:252  | Registration tab created successfully
2025-07-26 19:40:07 | DEBUG    | gui.login            | center_on_screen | Line:373  | Centering login window on screen
2025-07-26 19:40:07 | DEBUG    | gui.login            | setup_ui        | Line:125  | Login window UI setup completed
2025-07-26 19:40:07 | DEBUG    | gui.login            | setup_styles    | Line:258  | Setting up login window styles
2025-07-26 19:40:08 | DEBUG    | gui.login            | setup_styles    | Line:350  | Login window styles applied
2025-07-26 19:40:08 | DEBUG    | gui.login            | connect_signals | Line:355  | Connecting login window signals
2025-07-26 19:40:08 | DEBUG    | gui.login            | connect_signals | Line:369  | Login window signals connected
2025-07-26 19:40:08 | INFO     | performance          | log_performance | Line:150  | Login window initialization took 449.95ms
2025-07-26 19:40:08 | INFO     | gui.login            | __init__        | Line:52   | Login window initialized successfully
2025-07-26 19:40:08 | DEBUG    | gui.login            | showEvent       | Line:659  | Login window shown
2025-07-26 19:40:08 | INFO     | user_actions         | log_user_action | Line:123  | Anonymous | LOGIN_WINDOW_SHOWN | Login window displayed to user
2025-07-26 19:40:08 | INFO     | performance          | log_performance | Line:150  | UI initialization took 745.14ms
2025-07-26 19:40:08 | INFO     | __main__             | run             | Line:99   | Login window displayed
2025-07-26 19:40:08 | INFO     | __main__             | run             | Line:101  | Application ready - entering main event loop
2025-07-26 19:40:14 | INFO     | gui.login            | closeEvent      | Line:642  | Login window close event triggered
2025-07-26 19:40:14 | INFO     | user_actions         | log_user_action | Line:123  | Anonymous | APPLICATION_EXIT | Application closed from login window
2025-07-26 19:40:14 | INFO     | gui.login            | closeEvent      | Line:654  | Login window closed
2025-07-26 19:40:14 | DEBUG    | gui.login            | hideEvent       | Line:665  | Login window hidden
2025-07-26 19:40:14 | INFO     | __main__             | run             | Line:106  | Application exiting with code: 0
2025-07-26 19:40:14 | INFO     | __main__             | run             | Line:114  | Application shutdown complete
2025-07-26 19:40:14 | INFO     | __main__             | run             | Line:115  | ================================================================================
2025-07-26 19:48:08 | INFO     | root                 | setup_loggers   | Line:95   | Logging system initialized for TodoApp
2025-07-26 19:48:08 | INFO     | root                 | setup_loggers   | Line:96   | Log files location: d:\Project\Todo_app\todo_app\logs
2025-07-26 19:48:08 | INFO     | root                 | setup_loggers   | Line:97   | Session log: session_20250726_194808.log
2025-07-26 19:48:08 | INFO     | __main__             | __init__        | Line:40   | ================================================================================
2025-07-26 19:48:08 | INFO     | __main__             | __init__        | Line:41   | STARTING TO-DO LIST APPLICATION
2025-07-26 19:48:08 | INFO     | __main__             | __init__        | Line:42   | ================================================================================
2025-07-26 19:48:08 | INFO     | __main__             | __init__        | Line:43   | Application directory: d:\Project\Todo_app\todo_app
2025-07-26 19:48:08 | INFO     | __main__             | __init__        | Line:44   | Working directory: d:\Project\Todo_app\todo_app
2025-07-26 19:48:08 | DEBUG    | database.db_handler  | _ensure_db_directory | Line:40   | Database directory ensured: .
2025-07-26 19:48:08 | INFO     | database.db_handler  | __init__        | Line:34   | Database handler initialized with path: todo_app.db
2025-07-26 19:48:08 | INFO     | __main__             | __init__        | Line:58   | Application properties set
2025-07-26 19:48:08 | INFO     | __main__             | __init__        | Line:59   | PySide6 version: 1.0.0
2025-07-26 19:48:08 | INFO     | __main__             | __init__        | Line:62   | Python version: 3.13.5 (tags/v3.13.5:6cb20a2, Jun 11 2025, 16:15:46) [MSC v.1943 64 bit (AMD64)]
2025-07-26 19:48:08 | INFO     | __main__             | __init__        | Line:63   | Platform: win32
2025-07-26 19:48:08 | INFO     | __main__             | __init__        | Line:64   | Arguments: ['d:\\Project\\Todo_app\\todo_app\\main.py']
2025-07-26 19:48:08 | INFO     | performance          | log_performance | Line:150  | Application initialization took 70.53ms
2025-07-26 19:48:08 | INFO     | __main__             | run             | Line:82   | Starting application run sequence
2025-07-26 19:48:08 | INFO     | __main__             | run             | Line:86   | Initializing database...
2025-07-26 19:48:08 | INFO     | database.db_handler  | initialize_database | Line:45   | Starting database initialization
2025-07-26 19:48:08 | DEBUG    | database.db_handler  | initialize_database | Line:52   | Creating users table
2025-07-26 19:48:08 | DEBUG    | database.db_handler  | initialize_database | Line:66   | Creating tasks table
2025-07-26 19:48:08 | DEBUG    | database.db_handler  | initialize_database | Line:87   | Creating tags table
2025-07-26 19:48:08 | DEBUG    | database.db_handler  | initialize_database | Line:99   | Creating task_tags table
2025-07-26 19:48:08 | DEBUG    | database.db_handler  | initialize_database | Line:111  | Creating routines table
2025-07-26 19:48:08 | INFO     | performance          | log_performance | Line:150  | Database initialization took 1.48ms
2025-07-26 19:48:08 | INFO     | database.db_handler  | initialize_database | Line:136  | Database initialized successfully
2025-07-26 19:48:08 | INFO     | performance          | log_performance | Line:150  | Database initialization took 1.91ms
2025-07-26 19:48:08 | INFO     | __main__             | run             | Line:90   | Database initialized successfully
2025-07-26 19:48:08 | INFO     | __main__             | run             | Line:94   | Creating login window...
2025-07-26 19:48:08 | INFO     | core.user            | __init__        | Line:93   | UserManager initialized
2025-07-26 19:48:08 | INFO     | gui.login            | __init__        | Line:42   | Login window initializing
2025-07-26 19:48:08 | DEBUG    | gui.login            | setup_ui        | Line:61   | Setting up login window UI
2025-07-26 19:48:08 | DEBUG    | gui.login            | create_login_tab | Line:135  | Creating login tab
2025-07-26 19:48:08 | DEBUG    | gui.login            | create_login_tab | Line:172  | Login tab created successfully
2025-07-26 19:48:08 | DEBUG    | gui.login            | create_register_tab | Line:182  | Creating registration tab
2025-07-26 19:48:08 | DEBUG    | gui.login            | create_register_tab | Line:252  | Registration tab created successfully
2025-07-26 19:48:08 | DEBUG    | gui.login            | center_on_screen | Line:373  | Centering login window on screen
2025-07-26 19:48:08 | DEBUG    | gui.login            | setup_ui        | Line:125  | Login window UI setup completed
2025-07-26 19:48:08 | DEBUG    | gui.login            | setup_styles    | Line:258  | Setting up login window styles
2025-07-26 19:48:08 | DEBUG    | gui.login            | setup_styles    | Line:350  | Login window styles applied
2025-07-26 19:48:08 | DEBUG    | gui.login            | connect_signals | Line:355  | Connecting login window signals
2025-07-26 19:48:08 | DEBUG    | gui.login            | connect_signals | Line:369  | Login window signals connected
2025-07-26 19:48:08 | INFO     | performance          | log_performance | Line:150  | Login window initialization took 695.69ms
2025-07-26 19:48:08 | INFO     | gui.login            | __init__        | Line:52   | Login window initialized successfully
2025-07-26 19:48:09 | DEBUG    | gui.login            | showEvent       | Line:659  | Login window shown
2025-07-26 19:48:09 | INFO     | user_actions         | log_user_action | Line:123  | Anonymous | LOGIN_WINDOW_SHOWN | Login window displayed to user
2025-07-26 19:48:09 | INFO     | performance          | log_performance | Line:150  | UI initialization took 1013.76ms
2025-07-26 19:48:09 | INFO     | __main__             | run             | Line:99   | Login window displayed
2025-07-26 19:48:09 | INFO     | __main__             | run             | Line:101  | Application ready - entering main event loop
2025-07-26 19:48:16 | INFO     | gui.login            | handle_login    | Line:409  | Login attempt initiated for username: Kushal
2025-07-26 19:48:16 | INFO     | user_actions         | log_user_action | Line:123  | Anonymous | LOGIN_ATTEMPT | Login attempt for username: Kushal
2025-07-26 19:48:16 | DEBUG    | gui.login            | handle_login    | Line:421  | Login button disabled during authentication
2025-07-26 19:48:16 | INFO     | core.user            | login_user      | Line:175  | Login attempt for username: Kushal
2025-07-26 19:48:16 | DEBUG    | database.db_handler  | load_user_by_username | Line:198  | Loading user by username: Kushal
2025-07-26 19:48:16 | INFO     | database             | log_database_operation | Line:138  | READ users (ID: 1) - SUCCESS
2025-07-26 19:48:16 | INFO     | performance          | log_performance | Line:150  | Load user took 3.23ms
2025-07-26 19:48:16 | DEBUG    | database.db_handler  | load_user_by_username | Line:218  | User Kushal loaded successfully
2025-07-26 19:48:16 | DEBUG    | database.db_handler  | update_user_last_login | Line:278  | Updating last login for user: Kushal
2025-07-26 19:48:16 | INFO     | database             | log_database_operation | Line:138  | UPDATE users (ID: 1) - SUCCESS
2025-07-26 19:48:16 | INFO     | performance          | log_performance | Line:150  | Update user last login took 7.48ms
2025-07-26 19:48:16 | DEBUG    | database.db_handler  | update_user_last_login | Line:293  | Last login updated for user: Kushal
2025-07-26 19:48:16 | INFO     | performance          | log_performance | Line:150  | User login took 300.50ms
2025-07-26 19:48:16 | INFO     | user_actions         | log_user_action | Line:123  | User 1 | LOGIN | Successful login from Kushal
2025-07-26 19:48:16 | INFO     | core.user            | login_user      | Line:192  | User Kushal logged in successfully
2025-07-26 19:48:16 | INFO     | performance          | log_performance | Line:150  | Login process took 302.16ms
2025-07-26 19:48:16 | DEBUG    | gui.login            | show_success    | Line:617  | Displaying success message: Welcome back, Kushal!
2025-07-26 19:48:16 | INFO     | gui.login            | handle_login    | Line:430  | Login successful for user: Kushal
2025-07-26 19:48:16 | INFO     | user_actions         | log_user_action | Line:123  | User 1 | LOGIN_SUCCESS | Successful login for Kushal
2025-07-26 19:48:16 | INFO     | gui.login            | open_todo_window | Line:551  | Opening main window for user: Kushal
2025-07-26 19:48:16 | DEBUG    | database.db_handler  | load_user_tasks | Line:505  | Loading tasks for user ID 1, include_completed=True
2025-07-26 19:48:16 | INFO     | performance          | log_performance | Line:150  | Load user tasks took 1.75ms | Loaded 4 tasks
2025-07-26 19:48:16 | DEBUG    | database.db_handler  | load_user_tasks | Line:533  | Loaded 4 tasks for user ID 1
2025-07-26 19:48:16 | DEBUG    | database.db_handler  | load_all_tags   | Line:738  | Loading all tags
2025-07-26 19:48:16 | INFO     | performance          | log_performance | Line:150  | Load all tags took 0.60ms | Loaded 0 tags
2025-07-26 19:48:16 | DEBUG    | database.db_handler  | load_all_tags   | Line:756  | Loaded 0 tags
2025-07-26 19:48:16 | DEBUG    | gui.login            | hideEvent       | Line:665  | Login window hidden
2025-07-26 19:48:16 | INFO     | performance          | log_performance | Line:150  | Open main window took 344.47ms
2025-07-26 19:48:16 | INFO     | gui.login            | open_todo_window | Line:564  | Main window opened successfully for user: Kushal
2025-07-26 19:48:16 | INFO     | user_actions         | log_user_action | Line:123  | User 1 | MAIN_WINDOW_OPENED | Main application window opened for Kushal
2025-07-26 19:48:16 | DEBUG    | gui.login            | handle_login    | Line:453  | Login button re-enabled
2025-07-26 19:48:46 | DEBUG    | database.db_handler  | load_user_tasks | Line:505  | Loading tasks for user ID 1, include_completed=True
2025-07-26 19:48:46 | INFO     | performance          | log_performance | Line:150  | Load user tasks took 1.27ms | Loaded 4 tasks
2025-07-26 19:48:46 | DEBUG    | database.db_handler  | load_user_tasks | Line:533  | Loaded 4 tasks for user ID 1
2025-07-26 19:48:57 | INFO     | __main__             | run             | Line:106  | Application exiting with code: 0
2025-07-26 19:48:57 | INFO     | __main__             | run             | Line:114  | Application shutdown complete
2025-07-26 19:48:57 | INFO     | __main__             | run             | Line:115  | ================================================================================
2025-07-26 23:13:54 | INFO     | root                 | setup_loggers   | Line:95   | Logging system initialized for TodoApp
2025-07-26 23:13:54 | INFO     | root                 | setup_loggers   | Line:96   | Log files location: d:\Project\Todo_app\todo_app\logs
2025-07-26 23:13:54 | INFO     | root                 | setup_loggers   | Line:97   | Session log: session_20250726_231354.log
2025-07-26 23:13:54 | INFO     | __main__             | __init__        | Line:40   | ================================================================================
2025-07-26 23:13:54 | INFO     | __main__             | __init__        | Line:41   | STARTING TO-DO LIST APPLICATION
2025-07-26 23:13:54 | INFO     | __main__             | __init__        | Line:42   | ================================================================================
2025-07-26 23:13:54 | INFO     | __main__             | __init__        | Line:43   | Application directory: d:\Project\Todo_app\todo_app
2025-07-26 23:13:54 | INFO     | __main__             | __init__        | Line:44   | Working directory: d:\Project\Todo_app\todo_app
2025-07-26 23:13:54 | DEBUG    | database.db_handler  | _ensure_db_directory | Line:40   | Database directory ensured: .
2025-07-26 23:13:54 | INFO     | database.db_handler  | __init__        | Line:34   | Database handler initialized with path: todo_app.db
2025-07-26 23:13:54 | INFO     | __main__             | __init__        | Line:58   | Application properties set
2025-07-26 23:13:54 | INFO     | __main__             | __init__        | Line:59   | PySide6 version: 1.0.0
2025-07-26 23:13:54 | INFO     | __main__             | __init__        | Line:62   | Python version: 3.13.5 (tags/v3.13.5:6cb20a2, Jun 11 2025, 16:15:46) [MSC v.1943 64 bit (AMD64)]
2025-07-26 23:13:54 | INFO     | __main__             | __init__        | Line:63   | Platform: win32
2025-07-26 23:13:54 | INFO     | __main__             | __init__        | Line:64   | Arguments: ['d:\\Project\\Todo_app\\todo_app\\main.py']
2025-07-26 23:13:54 | INFO     | performance          | log_performance | Line:150  | Application initialization took 395.65ms
2025-07-26 23:13:54 | INFO     | __main__             | run             | Line:82   | Starting application run sequence
2025-07-26 23:13:54 | INFO     | __main__             | run             | Line:86   | Initializing database...
2025-07-26 23:13:54 | INFO     | database.db_handler  | initialize_database | Line:45   | Starting database initialization
2025-07-26 23:13:54 | DEBUG    | database.db_handler  | initialize_database | Line:52   | Creating users table
2025-07-26 23:13:54 | DEBUG    | database.db_handler  | initialize_database | Line:66   | Creating tasks table
2025-07-26 23:13:54 | DEBUG    | database.db_handler  | initialize_database | Line:87   | Creating tags table
2025-07-26 23:13:54 | DEBUG    | database.db_handler  | initialize_database | Line:99   | Creating task_tags table
2025-07-26 23:13:54 | DEBUG    | database.db_handler  | initialize_database | Line:111  | Creating routines table
2025-07-26 23:13:54 | INFO     | performance          | log_performance | Line:150  | Database initialization took 3.71ms
2025-07-26 23:13:54 | INFO     | database.db_handler  | initialize_database | Line:136  | Database initialized successfully
2025-07-26 23:13:54 | INFO     | performance          | log_performance | Line:150  | Database initialization took 4.24ms
2025-07-26 23:13:54 | INFO     | __main__             | run             | Line:90   | Database initialized successfully
2025-07-26 23:13:54 | INFO     | __main__             | run             | Line:94   | Creating login window...
2025-07-26 23:13:54 | INFO     | core.user            | __init__        | Line:93   | UserManager initialized
2025-07-26 23:13:54 | INFO     | gui.login            | __init__        | Line:42   | Login window initializing
2025-07-26 23:13:54 | DEBUG    | gui.login            | setup_ui        | Line:61   | Setting up login window UI
2025-07-26 23:13:54 | DEBUG    | gui.login            | create_login_tab | Line:135  | Creating login tab
2025-07-26 23:13:54 | DEBUG    | gui.login            | create_login_tab | Line:172  | Login tab created successfully
2025-07-26 23:13:54 | DEBUG    | gui.login            | create_register_tab | Line:182  | Creating registration tab
2025-07-26 23:13:54 | DEBUG    | gui.login            | create_register_tab | Line:252  | Registration tab created successfully
2025-07-26 23:13:54 | DEBUG    | gui.login            | center_on_screen | Line:373  | Centering login window on screen
2025-07-26 23:13:54 | DEBUG    | gui.login            | setup_ui        | Line:125  | Login window UI setup completed
2025-07-26 23:13:54 | DEBUG    | gui.login            | setup_styles    | Line:258  | Setting up login window styles
2025-07-26 23:13:55 | DEBUG    | gui.login            | setup_styles    | Line:350  | Login window styles applied
2025-07-26 23:13:55 | DEBUG    | gui.login            | connect_signals | Line:355  | Connecting login window signals
2025-07-26 23:13:55 | DEBUG    | gui.login            | connect_signals | Line:369  | Login window signals connected
2025-07-26 23:13:55 | INFO     | performance          | log_performance | Line:150  | Login window initialization took 486.34ms
2025-07-26 23:13:55 | INFO     | gui.login            | __init__        | Line:52   | Login window initialized successfully
2025-07-26 23:13:55 | DEBUG    | gui.login            | showEvent       | Line:659  | Login window shown
2025-07-26 23:13:55 | INFO     | user_actions         | log_user_action | Line:123  | Anonymous | LOGIN_WINDOW_SHOWN | Login window displayed to user
2025-07-26 23:13:55 | INFO     | performance          | log_performance | Line:150  | UI initialization took 653.79ms
2025-07-26 23:13:55 | INFO     | __main__             | run             | Line:99   | Login window displayed
2025-07-26 23:13:55 | INFO     | __main__             | run             | Line:101  | Application ready - entering main event loop
2025-07-26 23:14:05 | INFO     | gui.login            | handle_login    | Line:409  | Login attempt initiated for username: Kushal
2025-07-26 23:14:05 | INFO     | user_actions         | log_user_action | Line:123  | Anonymous | LOGIN_ATTEMPT | Login attempt for username: Kushal
2025-07-26 23:14:05 | DEBUG    | gui.login            | handle_login    | Line:421  | Login button disabled during authentication
2025-07-26 23:14:05 | INFO     | core.user            | login_user      | Line:175  | Login attempt for username: Kushal
2025-07-26 23:14:05 | DEBUG    | database.db_handler  | load_user_by_username | Line:198  | Loading user by username: Kushal
2025-07-26 23:14:05 | INFO     | database             | log_database_operation | Line:138  | READ users (ID: 1) - SUCCESS
2025-07-26 23:14:05 | INFO     | performance          | log_performance | Line:150  | Load user took 0.66ms
2025-07-26 23:14:05 | DEBUG    | database.db_handler  | load_user_by_username | Line:218  | User Kushal loaded successfully
2025-07-26 23:14:05 | DEBUG    | database.db_handler  | update_user_last_login | Line:278  | Updating last login for user: Kushal
2025-07-26 23:14:05 | INFO     | database             | log_database_operation | Line:138  | UPDATE users (ID: 1) - SUCCESS
2025-07-26 23:14:05 | INFO     | performance          | log_performance | Line:150  | Update user last login took 6.59ms
2025-07-26 23:14:05 | DEBUG    | database.db_handler  | update_user_last_login | Line:293  | Last login updated for user: Kushal
2025-07-26 23:14:05 | INFO     | performance          | log_performance | Line:150  | User login took 304.95ms
2025-07-26 23:14:05 | INFO     | user_actions         | log_user_action | Line:123  | User 1 | LOGIN | Successful login from Kushal
2025-07-26 23:14:05 | INFO     | core.user            | login_user      | Line:192  | User Kushal logged in successfully
2025-07-26 23:14:05 | INFO     | performance          | log_performance | Line:150  | Login process took 307.31ms
2025-07-26 23:14:05 | DEBUG    | gui.login            | show_success    | Line:617  | Displaying success message: Welcome back, Kushal!
2025-07-26 23:14:05 | INFO     | gui.login            | handle_login    | Line:430  | Login successful for user: Kushal
2025-07-26 23:14:05 | INFO     | user_actions         | log_user_action | Line:123  | User 1 | LOGIN_SUCCESS | Successful login for Kushal
2025-07-26 23:14:05 | INFO     | gui.login            | open_todo_window | Line:551  | Opening main window for user: Kushal
2025-07-26 23:14:05 | DEBUG    | database.db_handler  | load_user_tasks | Line:505  | Loading tasks for user ID 1, include_completed=True
2025-07-26 23:14:05 | INFO     | performance          | log_performance | Line:150  | Load user tasks took 1.90ms | Loaded 4 tasks
2025-07-26 23:14:05 | DEBUG    | database.db_handler  | load_user_tasks | Line:533  | Loaded 4 tasks for user ID 1
2025-07-26 23:14:05 | DEBUG    | database.db_handler  | load_all_tags   | Line:738  | Loading all tags
2025-07-26 23:14:05 | INFO     | performance          | log_performance | Line:150  | Load all tags took 0.51ms | Loaded 0 tags
2025-07-26 23:14:05 | DEBUG    | database.db_handler  | load_all_tags   | Line:756  | Loaded 0 tags
2025-07-26 23:14:06 | DEBUG    | gui.login            | hideEvent       | Line:665  | Login window hidden
2025-07-26 23:14:06 | INFO     | performance          | log_performance | Line:150  | Open main window took 339.24ms
2025-07-26 23:14:06 | INFO     | gui.login            | open_todo_window | Line:564  | Main window opened successfully for user: Kushal
2025-07-26 23:14:06 | INFO     | user_actions         | log_user_action | Line:123  | User 1 | MAIN_WINDOW_OPENED | Main application window opened for Kushal
2025-07-26 23:14:06 | DEBUG    | gui.login            | handle_login    | Line:453  | Login button re-enabled
2025-07-26 23:14:29 | INFO     | __main__             | run             | Line:106  | Application exiting with code: 0
2025-07-26 23:14:29 | INFO     | __main__             | run             | Line:114  | Application shutdown complete
2025-07-26 23:14:29 | INFO     | __main__             | run             | Line:115  | ================================================================================
2025-07-26 23:34:06 | INFO     | root                 | setup_loggers   | Line:95   | Logging system initialized for TodoApp
2025-07-26 23:34:06 | INFO     | root                 | setup_loggers   | Line:96   | Log files location: d:\Project\Todo_app\todo_app\logs
2025-07-26 23:34:06 | INFO     | root                 | setup_loggers   | Line:97   | Session log: session_20250726_233406.log
2025-07-26 23:34:06 | INFO     | __main__             | __init__        | Line:40   | ================================================================================
2025-07-26 23:34:06 | INFO     | __main__             | __init__        | Line:41   | STARTING TO-DO LIST APPLICATION
2025-07-26 23:34:06 | INFO     | __main__             | __init__        | Line:42   | ================================================================================
2025-07-26 23:34:06 | INFO     | __main__             | __init__        | Line:43   | Application directory: d:\Project\Todo_app\todo_app
2025-07-26 23:34:06 | INFO     | __main__             | __init__        | Line:44   | Working directory: d:\Project\Todo_app\todo_app
2025-07-26 23:34:06 | DEBUG    | database.db_handler  | _ensure_db_directory | Line:39   | Database directory ensured: .
2025-07-26 23:34:06 | INFO     | database.db_handler  | __init__        | Line:33   | Database handler initialized with path: todo_app.db
2025-07-26 23:34:06 | INFO     | __main__             | __init__        | Line:58   | Application properties set
2025-07-26 23:34:06 | INFO     | __main__             | __init__        | Line:59   | PySide6 version: 1.0.0
2025-07-26 23:34:06 | INFO     | __main__             | __init__        | Line:62   | Python version: 3.13.5 (tags/v3.13.5:6cb20a2, Jun 11 2025, 16:15:46) [MSC v.1943 64 bit (AMD64)]
2025-07-26 23:34:06 | INFO     | __main__             | __init__        | Line:63   | Platform: win32
2025-07-26 23:34:06 | INFO     | __main__             | __init__        | Line:64   | Arguments: ['d:\\Project\\Todo_app\\todo_app\\main.py']
2025-07-26 23:34:06 | INFO     | performance          | log_performance | Line:150  | Application initialization took 115.78ms
2025-07-26 23:34:06 | INFO     | __main__             | run             | Line:82   | Starting application run sequence
2025-07-26 23:34:06 | INFO     | __main__             | run             | Line:86   | Initializing database...
2025-07-26 23:34:06 | INFO     | database.db_handler  | initialize_database | Line:44   | Starting database initialization
2025-07-26 23:34:06 | DEBUG    | database.db_handler  | initialize_database | Line:51   | Creating users table
2025-07-26 23:34:06 | DEBUG    | database.db_handler  | initialize_database | Line:65   | Creating tasks table
2025-07-26 23:34:06 | DEBUG    | database.db_handler  | initialize_database | Line:86   | Creating tags table
2025-07-26 23:34:06 | DEBUG    | database.db_handler  | initialize_database | Line:98   | Creating task_tags table
2025-07-26 23:34:06 | INFO     | performance          | log_performance | Line:150  | Database initialization took 1.62ms
2025-07-26 23:34:06 | INFO     | database.db_handler  | initialize_database | Line:114  | Database initialized successfully
2025-07-26 23:34:06 | INFO     | performance          | log_performance | Line:150  | Database initialization took 2.57ms
2025-07-26 23:34:06 | INFO     | __main__             | run             | Line:90   | Database initialized successfully
2025-07-26 23:34:06 | INFO     | __main__             | run             | Line:94   | Creating login window...
2025-07-26 23:34:06 | INFO     | core.user            | __init__        | Line:93   | UserManager initialized
2025-07-26 23:34:06 | INFO     | gui.login            | __init__        | Line:42   | Login window initializing
2025-07-26 23:34:06 | DEBUG    | gui.login            | setup_ui        | Line:61   | Setting up login window UI
2025-07-26 23:34:06 | DEBUG    | gui.login            | create_login_tab | Line:135  | Creating login tab
2025-07-26 23:34:06 | DEBUG    | gui.login            | create_login_tab | Line:172  | Login tab created successfully
2025-07-26 23:34:06 | DEBUG    | gui.login            | create_register_tab | Line:182  | Creating registration tab
2025-07-26 23:34:06 | DEBUG    | gui.login            | create_register_tab | Line:252  | Registration tab created successfully
2025-07-26 23:34:06 | DEBUG    | gui.login            | center_on_screen | Line:373  | Centering login window on screen
2025-07-26 23:34:06 | DEBUG    | gui.login            | setup_ui        | Line:125  | Login window UI setup completed
2025-07-26 23:34:06 | DEBUG    | gui.login            | setup_styles    | Line:258  | Setting up login window styles
2025-07-26 23:34:07 | DEBUG    | gui.login            | setup_styles    | Line:350  | Login window styles applied
2025-07-26 23:34:07 | DEBUG    | gui.login            | connect_signals | Line:355  | Connecting login window signals
2025-07-26 23:34:07 | DEBUG    | gui.login            | connect_signals | Line:369  | Login window signals connected
2025-07-26 23:34:07 | INFO     | performance          | log_performance | Line:150  | Login window initialization took 522.30ms
2025-07-26 23:34:07 | INFO     | gui.login            | __init__        | Line:52   | Login window initialized successfully
2025-07-26 23:34:07 | DEBUG    | gui.login            | showEvent       | Line:659  | Login window shown
2025-07-26 23:34:07 | INFO     | user_actions         | log_user_action | Line:123  | Anonymous | LOGIN_WINDOW_SHOWN | Login window displayed to user
2025-07-26 23:34:07 | INFO     | performance          | log_performance | Line:150  | UI initialization took 712.38ms
2025-07-26 23:34:07 | INFO     | __main__             | run             | Line:99   | Login window displayed
2025-07-26 23:34:07 | INFO     | __main__             | run             | Line:101  | Application ready - entering main event loop
2025-07-26 23:34:13 | INFO     | gui.login            | closeEvent      | Line:642  | Login window close event triggered
2025-07-26 23:34:13 | INFO     | user_actions         | log_user_action | Line:123  | Anonymous | APPLICATION_EXIT | Application closed from login window
2025-07-26 23:34:13 | INFO     | gui.login            | closeEvent      | Line:654  | Login window closed
2025-07-26 23:34:13 | DEBUG    | gui.login            | hideEvent       | Line:665  | Login window hidden
2025-07-26 23:34:13 | INFO     | __main__             | run             | Line:106  | Application exiting with code: 0
2025-07-26 23:34:13 | INFO     | __main__             | run             | Line:114  | Application shutdown complete
2025-07-26 23:34:13 | INFO     | __main__             | run             | Line:115  | ================================================================================
2025-07-26 23:34:28 | INFO     | root                 | setup_loggers   | Line:95   | Logging system initialized for TodoApp
2025-07-26 23:34:28 | INFO     | root                 | setup_loggers   | Line:96   | Log files location: d:\Project\Todo_app\todo_app\logs
2025-07-26 23:34:28 | INFO     | root                 | setup_loggers   | Line:97   | Session log: session_20250726_233428.log
2025-07-26 23:34:28 | INFO     | __main__             | __init__        | Line:40   | ================================================================================
2025-07-26 23:34:28 | INFO     | __main__             | __init__        | Line:41   | STARTING TO-DO LIST APPLICATION
2025-07-26 23:34:28 | INFO     | __main__             | __init__        | Line:42   | ================================================================================
2025-07-26 23:34:28 | INFO     | __main__             | __init__        | Line:43   | Application directory: d:\Project\Todo_app\todo_app
2025-07-26 23:34:28 | INFO     | __main__             | __init__        | Line:44   | Working directory: d:\Project\Todo_app\todo_app
2025-07-26 23:34:28 | DEBUG    | database.db_handler  | _ensure_db_directory | Line:39   | Database directory ensured: .
2025-07-26 23:34:28 | INFO     | database.db_handler  | __init__        | Line:33   | Database handler initialized with path: todo_app.db
2025-07-26 23:34:28 | INFO     | __main__             | __init__        | Line:58   | Application properties set
2025-07-26 23:34:28 | INFO     | __main__             | __init__        | Line:59   | PySide6 version: 1.0.0
2025-07-26 23:34:28 | INFO     | __main__             | __init__        | Line:62   | Python version: 3.13.5 (tags/v3.13.5:6cb20a2, Jun 11 2025, 16:15:46) [MSC v.1943 64 bit (AMD64)]
2025-07-26 23:34:28 | INFO     | __main__             | __init__        | Line:63   | Platform: win32
2025-07-26 23:34:28 | INFO     | __main__             | __init__        | Line:64   | Arguments: ['d:\\Project\\Todo_app\\todo_app\\main.py']
2025-07-26 23:34:28 | INFO     | performance          | log_performance | Line:150  | Application initialization took 76.58ms
2025-07-26 23:34:28 | INFO     | __main__             | run             | Line:82   | Starting application run sequence
2025-07-26 23:34:28 | INFO     | __main__             | run             | Line:86   | Initializing database...
2025-07-26 23:34:28 | INFO     | database.db_handler  | initialize_database | Line:44   | Starting database initialization
2025-07-26 23:34:28 | DEBUG    | database.db_handler  | initialize_database | Line:51   | Creating users table
2025-07-26 23:34:28 | DEBUG    | database.db_handler  | initialize_database | Line:65   | Creating tasks table
2025-07-26 23:34:28 | DEBUG    | database.db_handler  | initialize_database | Line:86   | Creating tags table
2025-07-26 23:34:28 | DEBUG    | database.db_handler  | initialize_database | Line:98   | Creating task_tags table
2025-07-26 23:34:28 | INFO     | performance          | log_performance | Line:150  | Database initialization took 25.38ms
2025-07-26 23:34:28 | INFO     | database.db_handler  | initialize_database | Line:114  | Database initialized successfully
2025-07-26 23:34:28 | INFO     | performance          | log_performance | Line:150  | Database initialization took 26.28ms
2025-07-26 23:34:28 | INFO     | __main__             | run             | Line:90   | Database initialized successfully
2025-07-26 23:34:28 | INFO     | __main__             | run             | Line:94   | Creating login window...
2025-07-26 23:34:28 | INFO     | core.user            | __init__        | Line:93   | UserManager initialized
2025-07-26 23:34:28 | INFO     | gui.login            | __init__        | Line:42   | Login window initializing
2025-07-26 23:34:28 | DEBUG    | gui.login            | setup_ui        | Line:61   | Setting up login window UI
2025-07-26 23:34:28 | DEBUG    | gui.login            | create_login_tab | Line:135  | Creating login tab
2025-07-26 23:34:28 | DEBUG    | gui.login            | create_login_tab | Line:172  | Login tab created successfully
2025-07-26 23:34:28 | DEBUG    | gui.login            | create_register_tab | Line:182  | Creating registration tab
2025-07-26 23:34:28 | DEBUG    | gui.login            | create_register_tab | Line:252  | Registration tab created successfully
2025-07-26 23:34:28 | DEBUG    | gui.login            | center_on_screen | Line:373  | Centering login window on screen
2025-07-26 23:34:28 | DEBUG    | gui.login            | setup_ui        | Line:125  | Login window UI setup completed
2025-07-26 23:34:28 | DEBUG    | gui.login            | setup_styles    | Line:258  | Setting up login window styles
2025-07-26 23:34:28 | DEBUG    | gui.login            | setup_styles    | Line:350  | Login window styles applied
2025-07-26 23:34:28 | DEBUG    | gui.login            | connect_signals | Line:355  | Connecting login window signals
2025-07-26 23:34:28 | DEBUG    | gui.login            | connect_signals | Line:369  | Login window signals connected
2025-07-26 23:34:28 | INFO     | performance          | log_performance | Line:150  | Login window initialization took 301.61ms
2025-07-26 23:34:28 | INFO     | gui.login            | __init__        | Line:52   | Login window initialized successfully
2025-07-26 23:34:28 | DEBUG    | gui.login            | showEvent       | Line:659  | Login window shown
2025-07-26 23:34:28 | INFO     | user_actions         | log_user_action | Line:123  | Anonymous | LOGIN_WINDOW_SHOWN | Login window displayed to user
2025-07-26 23:34:28 | INFO     | performance          | log_performance | Line:150  | UI initialization took 449.68ms
2025-07-26 23:34:28 | INFO     | __main__             | run             | Line:99   | Login window displayed
2025-07-26 23:34:28 | INFO     | __main__             | run             | Line:101  | Application ready - entering main event loop
2025-07-26 23:34:30 | DEBUG    | gui.login            | clear_status    | Line:624  | Status message cleared
2025-07-26 23:34:57 | INFO     | gui.login            | handle_registration | Line:463  | Registration attempt initiated for username: Kushal
2025-07-26 23:34:57 | INFO     | user_actions         | log_user_action | Line:123  | Anonymous | REGISTRATION_ATTEMPT | Registration attempt for username: Kushal
2025-07-26 23:34:57 | DEBUG    | gui.login            | handle_registration | Line:496  | Registration button disabled during account creation
2025-07-26 23:34:57 | INFO     | core.user            | register_user   | Line:111  | Registration attempt for username: Kushal
2025-07-26 23:34:57 | DEBUG    | database.db_handler  | user_exists     | Line:224  | Checking if user exists: Kushal
2025-07-26 23:34:57 | INFO     | performance          | log_performance | Line:150  | Check user exists took 3.02ms
2025-07-26 23:34:57 | DEBUG    | database.db_handler  | user_exists     | Line:234  | User Kushal exists: False
2025-07-26 23:34:57 | INFO     | database.db_handler  | save_user       | Line:133  | Saving user: Kushal
2025-07-26 23:34:57 | INFO     | database             | log_database_operation | Line:138  | CREATE users (ID: 1) - SUCCESS
2025-07-26 23:34:57 | INFO     | performance          | log_performance | Line:150  | Save user took 3.76ms
2025-07-26 23:34:57 | INFO     | database.db_handler  | save_user       | Line:153  | User Kushal saved with ID: 1
2025-07-26 23:34:57 | INFO     | performance          | log_performance | Line:150  | User registration took 305.41ms
2025-07-26 23:34:57 | INFO     | user_actions         | log_user_action | Line:123  | User 1 | REGISTRATION | New user registered: Kushal
2025-07-26 23:34:57 | INFO     | core.user            | register_user   | Line:141  | User Kushal registered successfully with ID: 1
2025-07-26 23:34:57 | INFO     | performance          | log_performance | Line:150  | Registration process took 308.17ms
2025-07-26 23:34:57 | DEBUG    | gui.login            | show_success    | Line:617  | Displaying success message: Account created successfully! You can now log in.
2025-07-26 23:34:57 | INFO     | gui.login            | handle_registration | Line:505  | Registration successful for user: Kushal
2025-07-26 23:34:57 | INFO     | user_actions         | log_user_action | Line:123  | User 1 | REGISTRATION_SUCCESS | Account created for Kushal
2025-07-26 23:34:57 | DEBUG    | gui.login            | clear_status    | Line:624  | Status message cleared
2025-07-26 23:34:57 | DEBUG    | gui.login            | clear_register_form | Line:634  | Clearing registration form fields
2025-07-26 23:34:57 | DEBUG    | gui.login            | handle_registration | Line:514  | Switched to login tab and pre-filled username for Kushal
2025-07-26 23:34:57 | DEBUG    | gui.login            | handle_registration | Line:541  | Registration button re-enabled
2025-07-26 23:35:05 | INFO     | gui.login            | handle_login    | Line:409  | Login attempt initiated for username: Kushal
2025-07-26 23:35:05 | INFO     | user_actions         | log_user_action | Line:123  | Anonymous | LOGIN_ATTEMPT | Login attempt for username: Kushal
2025-07-26 23:35:05 | DEBUG    | gui.login            | handle_login    | Line:421  | Login button disabled during authentication
2025-07-26 23:35:05 | INFO     | core.user            | login_user      | Line:175  | Login attempt for username: Kushal
2025-07-26 23:35:05 | DEBUG    | database.db_handler  | load_user_by_username | Line:176  | Loading user by username: Kushal
2025-07-26 23:35:05 | INFO     | database             | log_database_operation | Line:138  | READ users (ID: 1) - SUCCESS
2025-07-26 23:35:05 | INFO     | performance          | log_performance | Line:150  | Load user took 3.06ms
2025-07-26 23:35:05 | DEBUG    | database.db_handler  | load_user_by_username | Line:196  | User Kushal loaded successfully
2025-07-26 23:35:05 | DEBUG    | database.db_handler  | update_user_last_login | Line:256  | Updating last login for user: Kushal
2025-07-26 23:35:05 | INFO     | database             | log_database_operation | Line:138  | UPDATE users (ID: 1) - SUCCESS
2025-07-26 23:35:05 | INFO     | performance          | log_performance | Line:150  | Update user last login took 5.93ms
2025-07-26 23:35:05 | DEBUG    | database.db_handler  | update_user_last_login | Line:271  | Last login updated for user: Kushal
2025-07-26 23:35:05 | INFO     | performance          | log_performance | Line:150  | User login took 310.56ms
2025-07-26 23:35:05 | INFO     | user_actions         | log_user_action | Line:123  | User 1 | LOGIN | Successful login from Kushal
2025-07-26 23:35:05 | INFO     | core.user            | login_user      | Line:192  | User Kushal logged in successfully
2025-07-26 23:35:05 | INFO     | performance          | log_performance | Line:150  | Login process took 312.51ms
2025-07-26 23:35:05 | DEBUG    | gui.login            | show_success    | Line:617  | Displaying success message: Welcome back, Kushal!
2025-07-26 23:35:05 | INFO     | gui.login            | handle_login    | Line:430  | Login successful for user: Kushal
2025-07-26 23:35:05 | INFO     | user_actions         | log_user_action | Line:123  | User 1 | LOGIN_SUCCESS | Successful login for Kushal
2025-07-26 23:35:05 | INFO     | gui.login            | open_todo_window | Line:551  | Opening main window for user: Kushal
2025-07-26 23:35:05 | DEBUG    | database.db_handler  | load_user_tasks | Line:483  | Loading tasks for user ID 1, include_completed=True
2025-07-26 23:35:05 | INFO     | performance          | log_performance | Line:150  | Load user tasks took 2.14ms | Loaded 0 tasks
2025-07-26 23:35:05 | DEBUG    | database.db_handler  | load_user_tasks | Line:511  | Loaded 0 tasks for user ID 1
2025-07-26 23:35:05 | DEBUG    | database.db_handler  | load_all_tags   | Line:716  | Loading all tags
2025-07-26 23:35:05 | INFO     | performance          | log_performance | Line:150  | Load all tags took 0.45ms | Loaded 0 tags
2025-07-26 23:35:05 | DEBUG    | database.db_handler  | load_all_tags   | Line:734  | Loaded 0 tags
2025-07-26 23:35:05 | DEBUG    | gui.login            | hideEvent       | Line:665  | Login window hidden
2025-07-26 23:35:05 | INFO     | performance          | log_performance | Line:150  | Open main window took 58.60ms
2025-07-26 23:35:05 | INFO     | gui.login            | open_todo_window | Line:564  | Main window opened successfully for user: Kushal
2025-07-26 23:35:05 | INFO     | user_actions         | log_user_action | Line:123  | User 1 | MAIN_WINDOW_OPENED | Main application window opened for Kushal
2025-07-26 23:35:05 | DEBUG    | gui.login            | handle_login    | Line:453  | Login button re-enabled
2025-07-26 23:35:10 | DEBUG    | database.db_handler  | load_user_tasks | Line:483  | Loading tasks for user ID 1, include_completed=True
2025-07-26 23:35:10 | INFO     | performance          | log_performance | Line:150  | Load user tasks took 0.80ms | Loaded 0 tasks
2025-07-26 23:35:10 | DEBUG    | database.db_handler  | load_user_tasks | Line:511  | Loaded 0 tasks for user ID 1
2025-07-26 23:35:31 | INFO     | database.db_handler  | save_task       | Line:380  | Saving task: wake up
2025-07-26 23:35:31 | INFO     | database             | log_database_operation | Line:138  | CREATE tasks (ID: 1) - SUCCESS
2025-07-26 23:35:31 | INFO     | performance          | log_performance | Line:150  | Save task took 3.68ms
2025-07-26 23:35:31 | INFO     | database.db_handler  | save_task       | Line:412  | Task 'wake up' saved with ID: 1
2025-07-26 23:35:31 | INFO     | database.db_handler  | update_task     | Line:532  | Updating task: wake up
2025-07-26 23:35:31 | INFO     | database             | log_database_operation | Line:138  | UPDATE tasks (ID: 1) - SUCCESS
2025-07-26 23:35:31 | INFO     | performance          | log_performance | Line:150  | Update task took 4.27ms
2025-07-26 23:35:31 | INFO     | database.db_handler  | update_task     | Line:567  | Task 'wake up' updated successfully
2025-07-26 23:35:31 | DEBUG    | database.db_handler  | load_user_tasks | Line:483  | Loading tasks for user ID 1, include_completed=True
2025-07-26 23:35:31 | INFO     | performance          | log_performance | Line:150  | Load user tasks took 3.36ms | Loaded 1 tasks
2025-07-26 23:35:31 | DEBUG    | database.db_handler  | load_user_tasks | Line:511  | Loaded 1 tasks for user ID 1
2025-07-26 23:35:32 | INFO     | database.db_handler  | update_task     | Line:532  | Updating task: wake up
2025-07-26 23:35:32 | INFO     | database             | log_database_operation | Line:138  | UPDATE tasks (ID: 1) - SUCCESS
2025-07-26 23:35:32 | INFO     | performance          | log_performance | Line:150  | Update task took 6.23ms
2025-07-26 23:35:32 | INFO     | database.db_handler  | update_task     | Line:567  | Task 'wake up' updated successfully
2025-07-26 23:35:32 | DEBUG    | database.db_handler  | load_user_tasks | Line:483  | Loading tasks for user ID 1, include_completed=True
2025-07-26 23:35:32 | INFO     | performance          | log_performance | Line:150  | Load user tasks took 1.85ms | Loaded 1 tasks
2025-07-26 23:35:32 | DEBUG    | database.db_handler  | load_user_tasks | Line:511  | Loaded 1 tasks for user ID 1
2025-07-26 23:35:35 | DEBUG    | database.db_handler  | load_user_tasks | Line:483  | Loading tasks for user ID 1, include_completed=True
2025-07-26 23:35:35 | INFO     | performance          | log_performance | Line:150  | Load user tasks took 2.16ms | Loaded 1 tasks
2025-07-26 23:35:35 | DEBUG    | database.db_handler  | load_user_tasks | Line:511  | Loaded 1 tasks for user ID 1
2025-07-26 23:35:56 | INFO     | __main__             | run             | Line:106  | Application exiting with code: 0
2025-07-26 23:35:56 | INFO     | __main__             | run             | Line:114  | Application shutdown complete
2025-07-26 23:35:56 | INFO     | __main__             | run             | Line:115  | ================================================================================
